<?xml version="1.0" encoding="UTF-8"?>
<!-- Generated by org.testng.reporters.JUnitReportReporter -->
<testsuite hostname="DESKTOP-3JRUFPN" failures="0" tests="1" name="com.easytrack.testscript.CampaignModule" time="5.251" errors="0" timestamp="2025-03-12T10:39:51 IST" skipped="0">
  <testcase classname="com.easytrack.testscript.CampaignModule" name="demo" time="5.251">
    <system-out>
      <![CDATA[Qspiders]]>
    </system-out>
  </testcase> <!-- demo -->
  <system-out>
    <![CDATA[Qspiders]]>
  </system-out>
</testsuite> <!-- com.easytrack.testscript.CampaignModule -->
